<?xml version="1.0" encoding="UTF-8"?>
<testsuite name="Creacion de Registro" tests="1" skipped="0" failures="0" errors="0" timestamp="2022-05-24T21:39:48" hostname="LAPTOP-JC29N9UC" time="28.056">
  <properties/>
  <testcase name="El usuario realiza la creacion del registro" classname="Creacion de Registro" time="28.056"/>
  <system-out><![CDATA[]]></system-out>
  <system-err><![CDATA[[Test worker] INFO io.cucumber.core.plugin.SerenityReporter - Running feature from file:///D:/RetoSQA/src/test/resources/feature/CreacionRegistro.feature
[Test worker] WARN io.cucumber.core.plugin.SerenityReporter - Feature from file:///D:/RetoSQA/src/test/resources/feature/CreacionRegistro.feature is not under the 'features' directory. Requirements report will not be correctly generated!
[Test worker] INFO  - 
 _____ _____ ____ _____   ____ _____  _    ____ _____ _____ ____  
|_   _| ____/ ___|_   _| / ___|_   _|/ \  |  _ \_   _| ____|  _ \ 
  | | |  _| \___ \ | |   \___ \ | | / _ \ | |_) || | |  _| | | | |
  | | | |___ ___) || |    ___) || |/ ___ \|  _ < | | | |___| |_| |
  |_| |_____|____/ |_|   |____/ |_/_/   \_\_| \_\|_| |_____|____/ 

El usuario realiza la creacion del registro(creacion-de-registro;el-usuario-realiza-la-creacion-del-registro)
-------------------------------------------------------------------
[Test worker] INFO  -    * Dado el usuario se encuentra en la pagina de login
[Test worker] INFO  -      * Usuario opens the Creacion registro user interface
may 24, 2022 4:39:50 PM org.openqa.selenium.remote.DesiredCapabilities chrome
INFORMACIÓN: Using `new ChromeOptions()` is preferred to `DesiredCapabilities.chrome()`
[Test worker] INFO net.serenitybdd.core.webdriver.driverproviders.ProvideNewDriver - Instantiating driver
[Test worker] INFO net.serenitybdd.core.webdriver.driverproviders.ProvideNewDriver - Driver capabilities: Capabilities {acceptInsecureCerts: false, browserName: chrome, chrome.switches: --lang=es,, goog:chromeOptions: {args: [--lang=es], extensions: []}, loggingPrefs: org.openqa.selenium.logging..., platform: ANY, version: }
Starting ChromeDriver 101.0.4951.41 (93c720db8323b3ec10d056025ab95c23a31997c9-refs/branch-heads/4951@{#904}) on port 33727
Only local connections are allowed.
Please see https://chromedriver.chromium.org/security-considerations for suggestions on keeping ChromeDriver safe.
ChromeDriver was started successfully.
may 24, 2022 4:39:55 PM org.openqa.selenium.remote.ProtocolHandshake createSession
INFORMACIÓN: Detected dialect: W3C
[Test worker] INFO  -    * Cuando inicia la creacion del registro
[Test worker] INFO  -      * Usuario creacion registro task
[Test worker] INFO  -        * Usuario clicks on Inicio de sesion
[Test worker] INFO  -        * Usuario clicks on Crear cuenta
[Test worker] INFO  -        * Usuario enters 'jrodriguez' into Nombre del usuario
[Test worker] INFO  -        * Usuario enters 'johannarodriguez@gmail.com' into Ingreso correo
[Test worker] INFO  -        * Usuario enters 'Morado123' into Ingreso contraseÃ±a
[Test worker] INFO  -        * Usuario enters 'Morado123' into Confirmacion ContraseÃ±a
[Test worker] INFO  -    * Entonces puede crear el registro correctamente
[Test worker] INFO  - ?[92m
        __    _____ _____ ____ _____   ____   _    ____  ____  _____ ____  
  _     \ \  |_   _| ____/ ___|_   _| |  _ \ / \  / ___|/ ___|| ____|  _ \ 
 (_)_____| |   | | |  _| \___ \ | |   | |_) / _ \ \___ \\___ \|  _| | | | |
  _|_____| |   | | | |___ ___) || |   |  __/ ___ \ ___) |___) | |___| |_| |
 (_)     | |   |_| |_____|____/ |_|   |_| /_/   \_\____/|____/|_____|____/ 
        /_/                                                                

El usuario realiza la creacion del registro
----------------------------------------------------------------------------?[0m
]]></system-err>
</testsuite>
